#
# There is insufficient memory for the Java Runtime Environment to continue.
# Native memory allocation (malloc) failed to allocate 32784 bytes for Chunk::new
# Possible reasons:
#   The system is out of physical RAM or swap space
#   In 32 bit mode, the process size limit was hit
# Possible solutions:
#   Reduce memory load on the system
#   Increase physical memory or swap space
#   Check if swap backing store is full
#   Use 64 bit Java on a 64 bit OS
#   Decrease Java heap size (-Xmx/-Xms)
#   Decrease number of Java threads
#   Decrease Java thread stack sizes (-Xss)
#   Set larger code cache with -XX:ReservedCodeCacheSize=
# This output file may be truncated or incomplete.
#
#  Out of Memory Error (allocation.cpp:390), pid=8956, tid=0x0000000000000a5c
#
# JRE version: OpenJDK Runtime Environment (8.0_112-b06) (build 1.8.0_112-release-b06)
# Java VM: OpenJDK 64-Bit Server VM (25.112-b06 mixed mode windows-amd64 compressed oops)
# Failed to write core dump. Minidumps are not enabled by default on client versions of Windows
#

---------------  T H R E A D  ---------------

Current thread (0x0000000014fdc000):  JavaThread "C1 CompilerThread2" daemon [_thread_in_native, id=2652, stack(0x0000000016ae0000,0x0000000016be0000)]

Stack: [0x0000000016ae0000,0x0000000016be0000]
[error occurred during error reporting (printing stack bounds), id 0xc0000005]

Native frames: (J=compiled Java code, j=interpreted, Vv=VM code, C=native code)


Current CompileTask:
C1:   3944  566   !   3       com.android.dx.cf.code.RopperMachine::run (1550 bytes)


---------------  P R O C E S S  ---------------

Java Threads: ( => current thread )
  0x0000000016552800 JavaThread "pool-1-thread-4" [_thread_in_Java, id=13748, stack(0x00000000171e0000,0x00000000172e0000)]
  0x000000001655c000 JavaThread "pool-1-thread-3" [_thread_in_Java, id=10140, stack(0x00000000170e0000,0x00000000171e0000)]
  0x0000000016559000 JavaThread "pool-1-thread-2" [_thread_in_Java, id=2380, stack(0x0000000016fe0000,0x00000000170e0000)]
  0x0000000016556800 JavaThread "pool-2-thread-1" [_thread_blocked, id=5344, stack(0x0000000016ee0000,0x0000000016fe0000)]
  0x0000000016535000 JavaThread "pool-1-thread-1" [_thread_in_Java, id=8452, stack(0x0000000016de0000,0x0000000016ee0000)]
  0x000000001635d000 JavaThread "Service Thread" daemon [_thread_blocked, id=4176, stack(0x0000000016be0000,0x0000000016ce0000)]
=>0x0000000014fdc000 JavaThread "C1 CompilerThread2" daemon [_thread_in_native, id=2652, stack(0x0000000016ae0000,0x0000000016be0000)]
  0x0000000014fd8000 JavaThread "C2 CompilerThread1" daemon [_thread_in_native, id=10620, stack(0x00000000169e0000,0x0000000016ae0000)]
  0x0000000014f8b000 JavaThread "C2 CompilerThread0" daemon [_thread_in_native, id=3956, stack(0x00000000168e0000,0x00000000169e0000)]
  0x0000000014f89800 JavaThread "Attach Listener" daemon [_thread_blocked, id=12524, stack(0x00000000167e0000,0x00000000168e0000)]
  0x00000000162e8800 JavaThread "Signal Dispatcher" daemon [_thread_blocked, id=12252, stack(0x00000000166e0000,0x00000000167e0000)]
  0x0000000014f68800 JavaThread "Finalizer" daemon [_thread_blocked, id=3352, stack(0x00000000161e0000,0x00000000162e0000)]
  0x00000000027f0000 JavaThread "Reference Handler" daemon [_thread_blocked, id=356, stack(0x00000000160e0000,0x00000000161e0000)]
  0x0000000002700800 JavaThread "main" [_thread_in_Java, id=13576, stack(0x0000000002280000,0x0000000002380000)]

Other Threads:
  0x0000000014f45800 VMThread [stack: 0x0000000015fe0000,0x00000000160e0000] [id=2280]
  0x000000001635f000 WatcherThread [stack: 0x0000000016ce0000,0x0000000016de0000] [id=10836]

VM state:not at safepoint (normal execution)

VM Mutex/Monitor currently owned by a thread: None

Heap:
 PSYoungGen      total 38400K, used 23977K [0x00000000eab00000, 0x00000000ed580000, 0x0000000100000000)
  eden space 33280K, 56% used [0x00000000eab00000,0x00000000ebd6baa0,0x00000000ecb80000)
  from space 5120K, 99% used [0x00000000ecb80000,0x00000000ed07ead8,0x00000000ed080000)
  to   space 5120K, 0% used [0x00000000ed080000,0x00000000ed080000,0x00000000ed580000)
 ParOldGen       total 87552K, used 1551K [0x00000000c0000000, 0x00000000c5580000, 0x00000000eab00000)
  object space 87552K, 1% used [0x00000000c0000000,0x00000000c0183cc8,0x00000000c5580000)
 Metaspace       used 5662K, capacity 6768K, committed 7040K, reserved 1056768K
  class space    used 565K, capacity 616K, committed 640K, reserved 1048576K

Card table byte_map: [0x0000000011c70000,0x0000000011e80000] byte_map_base: 0x0000000011670000

Marking Bits: (ParMarkBitMap*) 0x000000005bfa18f0
 Begin Bits: [0x00000000123e0000, 0x00000000133e0000)
 End Bits:   [0x00000000133e0000, 0x00000000143e0000)

Polling page: 0x0000000002380000

CodeCache: size=245760Kb used=2283Kb max_used=2293Kb free=243476Kb
 bounds [0x00000000028b0000, 0x0000000002b20000, 0x00000000118b0000]
 total_blobs=849 nmethods=585 adapters=178
 compilation: enabled

Compilation events (10 events):
Event: 3.413 Thread 0x0000000014fd8000 nmethod 614 0x0000000002aebf10 code [0x0000000002aec040, 0x0000000002aec098]
Event: 3.413 Thread 0x0000000014fd8000  609       4       java.util.Arrays::copyOfRange (63 bytes)
Event: 3.415 Thread 0x0000000014fd8000 nmethod 609 0x0000000002aed7d0 code [0x0000000002aed920, 0x0000000002aedb38]
Event: 3.415 Thread 0x0000000014fd8000  615       4       com.android.dx.util.ByteArray::getUnsignedShort (25 bytes)
Event: 3.416 Thread 0x0000000014fd8000 nmethod 615 0x0000000002aed390 code [0x0000000002aed4e0, 0x0000000002aed638]
Event: 3.417 Thread 0x0000000014fd8000  621   !   4       com.android.dx.util.FixedSizeList::<init> (36 bytes)
Event: 3.418 Thread 0x0000000014fd8000 nmethod 621 0x0000000002aebb50 code [0x0000000002aebca0, 0x0000000002aebdf8]
Event: 3.418 Thread 0x0000000014fd8000  622       4       com.android.dx.rop.type.Type::hashCode (8 bytes)
Event: 3.419 Thread 0x0000000014fd8000 nmethod 622 0x0000000002aecfd0 code [0x0000000002aed100, 0x0000000002aed278]
Event: 3.421 Thread 0x0000000014fd8000  625       4       com.android.dx.ssa.SsaBasicBlock::forEachInsn (37 bytes)

GC Heap History (0 events):
No events

Deoptimization events (3 events):
Event: 1.665 Thread 0x0000000002700800 Uncommon trap: reason=unstable_if action=reinterpret pc=0x0000000002a02d9c method=java.lang.String.indexOf(II)I @ 49
Event: 1.695 Thread 0x0000000002700800 Uncommon trap: reason=unstable_if action=reinterpret pc=0x0000000002a03554 method=java.lang.String.compareTo(Ljava/lang/String;)I @ 38
Event: 3.428 Thread 0x0000000016552800 Uncommon trap: reason=class_check action=maybe_recompile pc=0x0000000002ae69b0 method=com.android.dx.ssa.NormalSsaInsn.accept(Lcom/android/dx/ssa/SsaInsn$Visitor;)V @ 9

Internal exceptions (2 events):
Event: 0.145 Thread 0x0000000002700800 Exception <a 'java/lang/NoSuchMethodError': Method sun.misc.Unsafe.defineClass(Ljava/lang/String;[BII)Ljava/lang/Class; name or signature does not match> (0x00000000eab07c78) thrown at [C:\src\android\AOSP-openjdk\external\jetbrains\jdk\hotspot\src\share\vêÂF√O°¬?
Event: 0.146 Thread 0x0000000002700800 Exception <a 'java/lang/NoSuchMethodError': Method sun.misc.Unsafe.prefetchRead(Ljava/lang/Object;J)V name or signature does not match> (0x00000000eab07f60) thrown at [C:\src\android\AOSP-openjdk\external\jetbrains\jdk\hotspot\src\share\vm\prims\jni.cpp, l

Events (10 events):
Event: 3.386 loading class com/android/dx/cf/attrib/AttLocalVariableTypeTable done
Event: 3.391 loading class com/android/dx/dex/file/MethodAnnotationStruct
Event: 3.391 loading class com/android/dx/dex/file/MethodAnnotationStruct done
Event: 3.407 loading class java/util/ArrayList$1
Event: 3.411 loading class com/android/dx/cf/attrib/AttExceptions
Event: 3.411 loading class com/android/dx/cf/attrib/AttExceptions done
Event: 3.428 Thread 0x0000000016552800 Uncommon trap: trap_request=0xffffffde fr.pc=0x0000000002ae69b0
Event: 3.428 Thread 0x0000000016552800 DEOPT PACKING pc=0x0000000002ae69b0 sp=0x00000000172deab0
Event: 3.428 Thread 0x0000000016552800 DEOPT UNPACKING pc=0x00000000028f556a sp=0x00000000172dea40 mode 2
Event: 3.509 loading class java/util/ArrayList$1 done


Dynamic libraries:
0x00007ff6dfb30000 - 0x00007ff6dfb61000 	E:\Develops\developtools\AndroidStudio\jre\bin\java.exe
0x00007ffb0fb40000 - 0x00007ffb0fd1b000 	C:\WINDOWS\SYSTEM32\ntdll.dll
0x00007ffb0d6e0000 - 0x00007ffb0d78e000 	C:\WINDOWS\System32\KERNEL32.DLL
0x00007ffb0cb70000 - 0x00007ffb0cdb9000 	C:\WINDOWS\System32\KERNELBASE.dll
0x00007ffb0f890000 - 0x00007ffb0f931000 	C:\WINDOWS\System32\ADVAPI32.dll
0x00007ffb0ecc0000 - 0x00007ffb0ed5d000 	C:\WINDOWS\System32\msvcrt.dll
0x00007ffb0fae0000 - 0x00007ffb0fb39000 	C:\WINDOWS\System32\sechost.dll
0x00007ffb0f950000 - 0x00007ffb0fa75000 	C:\WINDOWS\System32\RPCRT4.dll
0x00007ffb0f710000 - 0x00007ffb0f85a000 	C:\WINDOWS\System32\USER32.dll
0x00007ffb0c060000 - 0x00007ffb0c07e000 	C:\WINDOWS\System32\win32u.dll
0x00007ffb0f860000 - 0x00007ffb0f887000 	C:\WINDOWS\System32\GDI32.dll
0x00007ffb0c7d0000 - 0x00007ffb0c958000 	C:\WINDOWS\System32\gdi32full.dll
0x00007ffb0cf90000 - 0x00007ffb0d02a000 	C:\WINDOWS\System32\msvcp_win.dll
0x00007ffb0ca70000 - 0x00007ffb0cb66000 	C:\WINDOWS\System32\ucrtbase.dll
0x00007ffb06cb0000 - 0x00007ffb06f17000 	C:\WINDOWS\WinSxS\amd64_microsoft.windows.common-controls_6595b64144ccf1df_6.0.15063.483_none_26002d27e7c744a2\COMCTL32.dll
0x00007ffb0ed60000 - 0x00007ffb0f059000 	C:\WINDOWS\System32\combase.dll
0x00007ffb0d030000 - 0x00007ffb0d09a000 	C:\WINDOWS\System32\bcryptPrimitives.dll
0x00007ffb0ec80000 - 0x00007ffb0ecad000 	C:\WINDOWS\System32\IMM32.DLL
0x000000005b600000 - 0x000000005b6d2000 	E:\Develops\developtools\AndroidStudio\jre\jre\bin\msvcr100.dll
0x000000005b7e0000 - 0x000000005c01c000 	E:\Develops\developtools\AndroidStudio\jre\jre\bin\server\jvm.dll
0x00007ffb0d1b0000 - 0x00007ffb0d1b8000 	C:\WINDOWS\System32\PSAPI.DLL
0x00007ffb0b6f0000 - 0x00007ffb0b6fa000 	C:\WINDOWS\SYSTEM32\VERSION.dll
0x00007ffb04430000 - 0x00007ffb04439000 	C:\WINDOWS\SYSTEM32\WSOCK32.dll
0x00007ffb09e30000 - 0x00007ffb09e53000 	C:\WINDOWS\SYSTEM32\WINMM.dll
0x00007ffb0f4a0000 - 0x00007ffb0f50c000 	C:\WINDOWS\System32\WS2_32.dll
0x00007ffb09dd0000 - 0x00007ffb09dfb000 	C:\WINDOWS\SYSTEM32\WINMMBASE.dll
0x00007ffb0c780000 - 0x00007ffb0c7c9000 	C:\WINDOWS\System32\cfgmgr32.dll
0x00007ffb03d10000 - 0x00007ffb03d1f000 	E:\Develops\developtools\AndroidStudio\jre\jre\bin\verify.dll
0x00007ffb01170000 - 0x00007ffb01199000 	E:\Develops\developtools\AndroidStudio\jre\jre\bin\java.dll
0x00007ffaff360000 - 0x00007ffaff376000 	E:\Develops\developtools\AndroidStudio\jre\jre\bin\zip.dll
0x00007ffb0d790000 - 0x00007ffb0ebc7000 	C:\WINDOWS\System32\SHELL32.dll
0x00007ffb0ebd0000 - 0x00007ffb0ec7a000 	C:\WINDOWS\System32\shcore.dll
0x00007ffb0c080000 - 0x00007ffb0c773000 	C:\WINDOWS\System32\windows.storage.dll
0x00007ffb0fa80000 - 0x00007ffb0fad1000 	C:\WINDOWS\System32\shlwapi.dll
0x00007ffb0c020000 - 0x00007ffb0c031000 	C:\WINDOWS\System32\kernel.appcore.dll
0x00007ffb0bfd0000 - 0x00007ffb0c01c000 	C:\WINDOWS\System32\powrprof.dll
0x00007ffb0bfb0000 - 0x00007ffb0bfc5000 	C:\WINDOWS\System32\profapi.dll

VM Arguments:
jvm_args: -Djava.awt.headless=true -Xmx1024M -Dfile.encoding=GBK -Duser.country=CN -Duser.language=zh -Duser.variant 
java_command: com.android.dx.command.Main --dex --num-threads=4 --output E:\Develops\developprojects\AndroidStudioProject\mNavi\app\build\intermediates\pre-dexed\debug\internal_impl-25.0.1_f36443fa1ed894bcfb56f2f0d4334faf27c20b9d.jar C:\Users\MrKong\.android\build-cache\976d5d2d61135c3d74e42f0f28d18d9be7ccbb38\output\jars\libs\internal_impl-25.0.1.jar
java_class_path (initial): E:\Develops\developtools\sdk\build-tools\25.0.1\lib\dx.jar
Launcher Type: SUN_STANDARD

Environment Variables:
JAVA_HOME=C:\Program Files\Java\jdk1.8.0_74
CLASSPATH=.;C:\Program Files\Java\jdk1.8.0_74\lib;C:\Program Files\Java\jdk1.8.0_74\lib\dt.jar;C:\Program Files\Java\jdk1.8.0_74\lib\tools.jar
PATH=C:\ProgramData\Oracle\Java\javapath;C:\WINDOWS\system32;C:\WINDOWS;C:\WINDOWS\System32\Wbem;C:\WINDOWS\System32\WindowsPowerShell\v1.0\;C:\Program Files\Java\jdk1.8.0_74\bin;C:\Program Files\Java\jdk1.8.0_74\jre\bin;E:\Develops\developtools\TortoiseGit\bin;C:\Users\MrKong\AppData\Local\Microsoft\WindowsApps;;C:\Users\MrKong\AppData\Local\Programs\Fiddler
USERNAME=MrKong
OS=Windows_NT
PROCESSOR_IDENTIFIER=Intel64 Family 6 Model 60 Stepping 3, GenuineIntel



---------------  S Y S T E M  ---------------

OS: Windows 10.0 , 64 bit Build 15063 (10.0.15063.296)

CPU:total 4 (4 cores per cpu, 1 threads per core) family 6 model 60 stepping 3, cmov, cx8, fxsr, mmx, sse, sse2, sse3, ssse3, sse4.1, sse4.2, popcnt, avx, avx2, aes, clmul, erms, lzcnt, tsc, tscinvbit, bmi1, bmi2

Memory: 4k page, physical 8334192k(1215884k free), swap 27994988k(5860k free)

vm_info: OpenJDK 64-Bit Server VM (25.112-b06) for windows-amd64 JRE (1.8.0_112-release-b06), built on Dec  8 2016 00:54:26 by "builder" with MS VC++ 10.0 (VS2010)

time: Fri Sep 15 19:16:57 2017
elapsed time: 4 seconds (0d 0h 0m 4s)

