#
# There is insufficient memory for the Java Runtime Environment to continue.
# Native memory allocation (malloc) failed to allocate 1048576 bytes for AllocateHeap
# Possible reasons:
#   The system is out of physical RAM or swap space
#   In 32 bit mode, the process size limit was hit
# Possible solutions:
#   Reduce memory load on the system
#   Increase physical memory or swap space
#   Check if swap backing store is full
#   Use 64 bit Java on a 64 bit OS
#   Decrease Java heap size (-Xmx/-Xms)
#   Decrease number of Java threads
#   Decrease Java thread stack sizes (-Xss)
#   Set larger code cache with -XX:ReservedCodeCacheSize=
# This output file may be truncated or incomplete.
#
#  Out of Memory Error (memory/allocation.inline.hpp:61), pid=2432, tid=0x0000000000000844
#
# JRE version:  (8.0_112-b06) (build )
# Java VM: OpenJDK 64-Bit Server VM (25.112-b06 mixed mode windows-amd64 compressed oops)
# Failed to write core dump. Minidumps are not enabled by default on client versions of Windows
#

---------------  T H R E A D  ---------------

Current thread (0x00000000027a0800):  JavaThread "Unknown thread" [_thread_in_vm, id=2116, stack(0x0000000002530000,0x0000000002630000)]

Stack: [0x0000000002530000,0x0000000002630000]
[error occurred during error reporting (printing stack bounds), id 0xc0000005]

Native frames: (J=compiled Java code, j=interpreted, Vv=VM code, C=native code)


---------------  P R O C E S S  ---------------

Java Threads: ( => current thread )

Other Threads:

=>0x00000000027a0800 (exited) JavaThread "Unknown thread" [_thread_in_vm, id=2116, stack(0x0000000002530000,0x0000000002630000)]

VM state:not at safepoint (normal execution)

VM Mutex/Monitor currently owned by a thread: None

Heap:
 PSYoungGen      total 38400K, used 665K [0x00000000eab00000, 0x00000000ed580000, 0x0000000100000000)
  eden space 33280K, 2% used [0x00000000eab00000,0x00000000eaba6670,0x00000000ecb80000)
  from space 5120K, 0% used [0x00000000ed080000,0x00000000ed080000,0x00000000ed580000)
  to   space 5120K, 0% used [0x00000000ecb80000,0x00000000ecb80000,0x00000000ed080000)
 ParOldGen       total 87552K, used 0K [0x00000000c0000000, 0x00000000c5580000, 0x00000000eab00000)
  object space 87552K, 0% used [0x00000000c0000000,0x00000000c0000000,0x00000000c5580000)
 Metaspace       used 772K, capacity 4480K, committed 4480K, reserved 1056768K
  class space    used 73K, capacity 384K, committed 384K, reserved 1048576K

Card table byte_map: [0x0000000011c60000,0x0000000011e70000] byte_map_base: 0x0000000011660000

Marking Bits: (ParMarkBitMap*) 0x000000005bfa18f0
 Begin Bits: [0x00000000123d0000, 0x00000000133d0000)
 End Bits:   [0x00000000133d0000, 0x00000000143d0000)

Polling page: 0x0000000002170000

CodeCache: size=245760Kb used=328Kb max_used=328Kb free=245431Kb
 bounds [0x00000000028a0000, 0x0000000002b10000, 0x00000000118a0000]
 total_blobs=57 nmethods=0 adapters=38
 compilation: enabled

Compilation events (0 events):
No events

GC Heap History (0 events):
No events

Deoptimization events (0 events):
No events

Internal exceptions (0 events):
No events

Events (10 events):
Event: 0.025 loading class java/lang/Short
Event: 0.025 loading class java/lang/Short done
Event: 0.025 loading class java/lang/Integer
Event: 0.025 loading class java/lang/Integer done
Event: 0.025 loading class java/lang/Long
Event: 0.025 loading class java/lang/Long done
Event: 0.026 loading class java/lang/NullPointerException
Event: 0.026 loading class java/lang/NullPointerException done
Event: 0.026 loading class java/lang/ArithmeticException
Event: 0.026 loading class java/lang/ArithmeticException done


Dynamic libraries:
0x00007ff6dfb30000 - 0x00007ff6dfb61000 	E:\Develops\developtools\AndroidStudio\jre\bin\java.exe
0x00007ffb0fb40000 - 0x00007ffb0fd1b000 	C:\WINDOWS\SYSTEM32\ntdll.dll
0x00007ffb0d6e0000 - 0x00007ffb0d78e000 	C:\WINDOWS\System32\KERNEL32.DLL
0x00007ffb0cb70000 - 0x00007ffb0cdb9000 	C:\WINDOWS\System32\KERNELBASE.dll
0x00007ffb0f890000 - 0x00007ffb0f931000 	C:\WINDOWS\System32\ADVAPI32.dll
0x00007ffb0ecc0000 - 0x00007ffb0ed5d000 	C:\WINDOWS\System32\msvcrt.dll
0x00007ffb0fae0000 - 0x00007ffb0fb39000 	C:\WINDOWS\System32\sechost.dll
0x00007ffb0f950000 - 0x00007ffb0fa75000 	C:\WINDOWS\System32\RPCRT4.dll
0x00007ffb0f710000 - 0x00007ffb0f85a000 	C:\WINDOWS\System32\USER32.dll
0x00007ffb0c060000 - 0x00007ffb0c07e000 	C:\WINDOWS\System32\win32u.dll
0x00007ffb0f860000 - 0x00007ffb0f887000 	C:\WINDOWS\System32\GDI32.dll
0x00007ffb0c7d0000 - 0x00007ffb0c958000 	C:\WINDOWS\System32\gdi32full.dll
0x00007ffb0cf90000 - 0x00007ffb0d02a000 	C:\WINDOWS\System32\msvcp_win.dll
0x00007ffb0ca70000 - 0x00007ffb0cb66000 	C:\WINDOWS\System32\ucrtbase.dll
0x00007ffb06cb0000 - 0x00007ffb06f17000 	C:\WINDOWS\WinSxS\amd64_microsoft.windows.common-controls_6595b64144ccf1df_6.0.15063.483_none_26002d27e7c744a2\COMCTL32.dll
0x00007ffb0ed60000 - 0x00007ffb0f059000 	C:\WINDOWS\System32\combase.dll
0x00007ffb0d030000 - 0x00007ffb0d09a000 	C:\WINDOWS\System32\bcryptPrimitives.dll
0x00007ffb0ec80000 - 0x00007ffb0ecad000 	C:\WINDOWS\System32\IMM32.DLL
0x000000005b600000 - 0x000000005b6d2000 	E:\Develops\developtools\AndroidStudio\jre\jre\bin\msvcr100.dll
0x000000005b7e0000 - 0x000000005c01c000 	E:\Develops\developtools\AndroidStudio\jre\jre\bin\server\jvm.dll
0x00007ffb0d1b0000 - 0x00007ffb0d1b8000 	C:\WINDOWS\System32\PSAPI.DLL
0x00007ffb04430000 - 0x00007ffb04439000 	C:\WINDOWS\SYSTEM32\WSOCK32.dll
0x00007ffb0f4a0000 - 0x00007ffb0f50c000 	C:\WINDOWS\System32\WS2_32.dll
0x00007ffb09e30000 - 0x00007ffb09e53000 	C:\WINDOWS\SYSTEM32\WINMM.dll
0x00007ffb0b6f0000 - 0x00007ffb0b6fa000 	C:\WINDOWS\SYSTEM32\VERSION.dll
0x00007ffb09dd0000 - 0x00007ffb09dfb000 	C:\WINDOWS\SYSTEM32\WINMMBASE.dll
0x00007ffb0c780000 - 0x00007ffb0c7c9000 	C:\WINDOWS\System32\cfgmgr32.dll
0x00007ffb03d10000 - 0x00007ffb03d1f000 	E:\Develops\developtools\AndroidStudio\jre\jre\bin\verify.dll
0x00007ffb01170000 - 0x00007ffb01199000 	E:\Develops\developtools\AndroidStudio\jre\jre\bin\java.dll
0x00007ffaff360000 - 0x00007ffaff376000 	E:\Develops\developtools\AndroidStudio\jre\jre\bin\zip.dll

VM Arguments:
jvm_args: -Djava.awt.headless=true -Xmx1024M -Dfile.encoding=GBK -Duser.country=CN -Duser.language=zh -Duser.variant 
java_command: com.android.dx.command.Main --dex --num-threads=4 --output E:\Develops\developprojects\AndroidStudioProject\mNavi\app\build\intermediates\pre-dexed\debug\classes_36ea2c08fddda886edb9afa311cfa6e874f1717c.jar C:\Users\MrKong\.android\build-cache\e10d1c87e47a4506ed50c99c441898dc96dc6b31\output\jars\classes.jar
java_class_path (initial): E:\Develops\developtools\sdk\build-tools\25.0.1\lib\dx.jar
Launcher Type: SUN_STANDARD

Environment Variables:
JAVA_HOME=C:\Program Files\Java\jdk1.8.0_74
CLASSPATH=.;C:\Program Files\Java\jdk1.8.0_74\lib;C:\Program Files\Java\jdk1.8.0_74\lib\dt.jar;C:\Program Files\Java\jdk1.8.0_74\lib\tools.jar
PATH=C:\ProgramData\Oracle\Java\javapath;C:\WINDOWS\system32;C:\WINDOWS;C:\WINDOWS\System32\Wbem;C:\WINDOWS\System32\WindowsPowerShell\v1.0\;C:\Program Files\Java\jdk1.8.0_74\bin;C:\Program Files\Java\jdk1.8.0_74\jre\bin;E:\Develops\developtools\TortoiseGit\bin;C:\Users\MrKong\AppData\Local\Microsoft\WindowsApps;;C:\Users\MrKong\AppData\Local\Programs\Fiddler
USERNAME=MrKong
OS=Windows_NT
PROCESSOR_IDENTIFIER=Intel64 Family 6 Model 60 Stepping 3, GenuineIntel



---------------  S Y S T E M  ---------------

OS: Windows 10.0 , 64 bit Build 15063 (10.0.15063.296)

CPU:total 4 (4 cores per cpu, 1 threads per core) family 6 model 60 stepping 3, cmov, cx8, fxsr, mmx, sse, sse2, sse3, ssse3, sse4.1, sse4.2, popcnt, avx, avx2, aes, clmul, erms, lzcnt, tsc, tscinvbit, bmi1, bmi2

Memory: 4k page, physical 8334192k(993356k free), swap 27994988k(4664k free)

vm_info: OpenJDK 64-Bit Server VM (25.112-b06) for windows-amd64 JRE (1.8.0_112-release-b06), built on Dec  8 2016 00:54:26 by "builder" with MS VC++ 10.0 (VS2010)

time: Fri Sep 15 19:20:10 2017
elapsed time: 0 seconds (0d 0h 0m 0s)

